# JRE version: Java(TM) SE Runtime Environment (17.0.10+11) (build 17.0.10+11-LTS-240)
# Java VM: Java HotSpot(TM) 64-Bit Server VM (17.0.10+11-LTS-240, mixed mode, sharing, tiered, compressed oops, compressed class ptrs, g1 gc, windows-amd64)
GC Precious Log:
 CPUs: 8 total, 8 available
 Memory: 8043M
 Large Page Support: Disabled
 NUMA Support: Disabled
 Compressed Oops: Enabled (32-bit)
 Heap Region Size: 1M
 Heap Min Capacity: 256M
 Heap Initial Capacity: 256M
 Heap Max Capacity: 512M
 Pre-touch: Disabled
 Parallel Workers: 8
 Concurrent Workers: 2
 Concurrent Refinement Workers: 8
 Periodic GC: Disabled
Heap:
 garbage-first heap   total 262144K, used 195961K [0x00000000e0000000, 0x0000000100000000)
  region size 1024K, 71 young (72704K), 8 survivors (8192K)
 Metaspace       used 74710K, committed 75584K, reserved 458752K
  class space    used 10227K, committed 10624K, reserved 327680K
GC Heap History (20 events):
Event: 3.976 GC heap before
{Heap before GC invocations=2 (full 0):
 garbage-first heap   total 262144K, used 121653K [0x00000000e0000000, 0x0000000100000000)
  region size 1024K, 107 young (109568K), 2 survivors (2048K)
 Metaspace       used 18563K, committed 18944K, reserved 393216K
  class space    used 2684K, committed 2880K, reserved 327680K
}
Event: 3.988 GC heap after
{Heap after GC invocations=3 (full 0):
 garbage-first heap   total 262144K, used 22985K [0x00000000e0000000, 0x0000000100000000)
  region size 1024K, 11 young (11264K), 11 survivors (11264K)
 Metaspace       used 18563K, committed 18944K, reserved 393216K
  class space    used 2684K, committed 2880K, reserved 327680K
}
Event: 4.358 GC heap before
{Heap before GC invocations=3 (full 0):
 garbage-first heap   total 262144K, used 44489K [0x00000000e0000000, 0x0000000100000000)
  region size 1024K, 33 young (33792K), 11 survivors (11264K)
 Metaspace       used 21234K, committed 21504K, reserved 393216K
  class space    used 3124K, committed 3264K, reserved 327680K
}
Event: 4.365 GC heap after
{Heap after GC invocations=4 (full 0):
 garbage-first heap   total 262144K, used 24613K [0x00000000e0000000, 0x0000000100000000)
  region size 1024K, 12 young (12288K), 12 survivors (12288K)
 Metaspace       used 21234K, committed 21504K, reserved 393216K
  class space    used 3124K, committed 3264K, reserved 327680K
}
Event: 6.114 GC heap before
{Heap before GC invocations=5 (full 0):
 garbage-first heap   total 262144K, used 160805K [0x00000000e0000000, 0x0000000100000000)
  region size 1024K, 131 young (134144K), 12 survivors (12288K)
 Metaspace       used 35676K, committed 36096K, reserved 393216K
  class space    used 4974K, committed 5184K, reserved 327680K
}
Event: 6.131 GC heap after
{Heap after GC invocations=6 (full 0):
 garbage-first heap   total 262144K, used 46034K [0x00000000e0000000, 0x0000000100000000)
  region size 1024K, 12 young (12288K), 12 survivors (12288K)
 Metaspace       used 35676K, committed 36096K, reserved 393216K
  class space    used 4974K, committed 5184K, reserved 327680K
}
Event: 8.475 GC heap before
{Heap before GC invocations=7 (full 0):
 garbage-first heap   total 262144K, used 200658K [0x00000000e0000000, 0x0000000100000000)
  region size 1024K, 153 young (156672K), 12 survivors (12288K)
 Metaspace       used 49731K, committed 50240K, reserved 393216K
  class space    used 7001K, committed 7232K, reserved 327680K
}
Event: 8.492 GC heap after
{Heap after GC invocations=8 (full 0):
 garbage-first heap   total 262144K, used 66560K [0x00000000e0000000, 0x0000000100000000)
  region size 1024K, 20 young (20480K), 20 survivors (20480K)
 Metaspace       used 49731K, committed 50240K, reserved 393216K
  class space    used 7001K, committed 7232K, reserved 327680K
}
Event: 10.128 GC heap before
{Heap before GC invocations=8 (full 0):
 garbage-first heap   total 262144K, used 225280K [0x00000000e0000000, 0x0000000100000000)
  region size 1024K, 146 young (149504K), 20 survivors (20480K)
 Metaspace       used 58745K, committed 59456K, reserved 393216K
  class space    used 8430K, committed 8768K, reserved 327680K
}
Event: 10.146 GC heap after
{Heap after GC invocations=9 (full 0):
 garbage-first heap   total 262144K, used 109699K [0x00000000e0000000, 0x0000000100000000)
  region size 1024K, 14 young (14336K), 14 survivors (14336K)
 Metaspace       used 58745K, committed 59456K, reserved 393216K
  class space    used 8430K, committed 8768K, reserved 327680K
}
Event: 10.284 GC heap before
{Heap before GC invocations=9 (full 0):
 garbage-first heap   total 262144K, used 118915K [0x00000000e0000000, 0x0000000100000000)
  region size 1024K, 24 young (24576K), 14 survivors (14336K)
 Metaspace       used 59611K, committed 60288K, reserved 393216K
  class space    used 8543K, committed 8832K, reserved 327680K
}
Event: 10.292 GC heap after
{Heap after GC invocations=10 (full 0):
 garbage-first heap   total 262144K, used 110808K [0x00000000e0000000, 0x0000000100000000)
  region size 1024K, 2 young (2048K), 2 survivors (2048K)
 Metaspace       used 59611K, committed 60288K, reserved 393216K
  class space    used 8543K, committed 8832K, reserved 327680K
}
Event: 11.801 GC heap before
{Heap before GC invocations=11 (full 0):
 garbage-first heap   total 262144K, used 208088K [0x00000000e0000000, 0x0000000100000000)
  region size 1024K, 97 young (99328K), 2 survivors (2048K)
 Metaspace       used 63184K, committed 63936K, reserved 393216K
  class space    used 8864K, committed 9216K, reserved 327680K
}
Event: 11.808 GC heap after
{Heap after GC invocations=12 (full 0):
 garbage-first heap   total 262144K, used 116598K [0x00000000e0000000, 0x0000000100000000)
  region size 1024K, 8 young (8192K), 8 survivors (8192K)
 Metaspace       used 63184K, committed 63936K, reserved 393216K
  class space    used 8864K, committed 9216K, reserved 327680K
}
Event: 13.394 GC heap before
{Heap before GC invocations=12 (full 0):
 garbage-first heap   total 262144K, used 209782K [0x00000000e0000000, 0x0000000100000000)
  region size 1024K, 99 young (101376K), 8 survivors (8192K)
 Metaspace       used 66740K, committed 67456K, reserved 393216K
  class space    used 9365K, committed 9728K, reserved 327680K
}
Event: 13.402 GC heap after
{Heap after GC invocations=13 (full 0):
 garbage-first heap   total 262144K, used 118133K [0x00000000e0000000, 0x0000000100000000)
  region size 1024K, 5 young (5120K), 5 survivors (5120K)
 Metaspace       used 66740K, committed 67456K, reserved 393216K
  class space    used 9365K, committed 9728K, reserved 327680K
}
Event: 14.359 GC heap before
{Heap before GC invocations=13 (full 0):
 garbage-first heap   total 262144K, used 213365K [0x00000000e0000000, 0x0000000100000000)
  region size 1024K, 97 young (99328K), 5 survivors (5120K)
 Metaspace       used 71221K, committed 71936K, reserved 393216K
  class space    used 9866K, committed 10176K, reserved 327680K
}
Event: 14.370 GC heap after
{Heap after GC invocations=14 (full 0):
 garbage-first heap   total 262144K, used 125647K [0x00000000e0000000, 0x0000000100000000)
  region size 1024K, 12 young (12288K), 12 survivors (12288K)
 Metaspace       used 71221K, committed 71936K, reserved 393216K
  class space    used 9866K, committed 10176K, reserved 327680K
}
Event: 1036.760 GC heap before
{Heap before GC invocations=14 (full 0):
 garbage-first heap   total 262144K, used 212687K [0x00000000e0000000, 0x0000000100000000)
  region size 1024K, 98 young (100352K), 12 survivors (12288K)
 Metaspace       used 74315K, committed 75136K, reserved 393216K
  class space    used 10221K, committed 10624K, reserved 327680K
}
Event: 1036.839 GC heap after
{Heap after GC invocations=15 (full 0):
 garbage-first heap   total 262144K, used 133497K [0x00000000e0000000, 0x0000000100000000)
  region size 1024K, 8 young (8192K), 8 survivors (8192K)
 Metaspace       used 74315K, committed 75136K, reserved 393216K
  class space    used 10221K, committed 10624K, reserved 327680K
}

